{"level":"error","message":"Error error is not defined","stack":"ReferenceError: error is not defined\n    at exports.register (C:\\Users\\cntt7\\OneDrive\\Documents\\Desktop\\final\\src\\controllers\\auth.js:13:5)\n    at Layer.handleRequest (C:\\Users\\cntt7\\OneDrive\\Documents\\Desktop\\final\\node_modules\\router\\lib\\layer.js:152:17)\n    at next (C:\\Users\\cntt7\\OneDrive\\Documents\\Desktop\\final\\node_modules\\router\\lib\\route.js:157:13)\n    at C:\\Users\\cntt7\\OneDrive\\Documents\\Desktop\\final\\src\\middlewares\\validate.js:16:5\n    at Layer.handleRequest (C:\\Users\\cntt7\\OneDrive\\Documents\\Desktop\\final\\node_modules\\router\\lib\\layer.js:152:17)\n    at next (C:\\Users\\cntt7\\OneDrive\\Documents\\Desktop\\final\\node_modules\\router\\lib\\route.js:157:13)\n    at Route.dispatch (C:\\Users\\cntt7\\OneDrive\\Documents\\Desktop\\final\\node_modules\\router\\lib\\route.js:117:3)\n    at handle (C:\\Users\\cntt7\\OneDrive\\Documents\\Desktop\\final\\node_modules\\router\\index.js:435:11)\n    at Layer.handleRequest (C:\\Users\\cntt7\\OneDrive\\Documents\\Desktop\\final\\node_modules\\router\\lib\\layer.js:152:17)\n    at C:\\Users\\cntt7\\OneDrive\\Documents\\Desktop\\final\\node_modules\\router\\index.js:295:15","status":500,"timestamp":"2025-12-09T05:19:10.253Z"}
{"level":"error","message":"Error error is not defined","stack":"ReferenceError: error is not defined\n    at exports.register (C:\\Users\\cntt7\\OneDrive\\Documents\\Desktop\\final\\src\\controllers\\auth.js:13:5)\n    at Layer.handleRequest (C:\\Users\\cntt7\\OneDrive\\Documents\\Desktop\\final\\node_modules\\router\\lib\\layer.js:152:17)\n    at next (C:\\Users\\cntt7\\OneDrive\\Documents\\Desktop\\final\\node_modules\\router\\lib\\route.js:157:13)\n    at C:\\Users\\cntt7\\OneDrive\\Documents\\Desktop\\final\\src\\middlewares\\validate.js:16:5\n    at Layer.handleRequest (C:\\Users\\cntt7\\OneDrive\\Documents\\Desktop\\final\\node_modules\\router\\lib\\layer.js:152:17)\n    at next (C:\\Users\\cntt7\\OneDrive\\Documents\\Desktop\\final\\node_modules\\router\\lib\\route.js:157:13)\n    at Route.dispatch (C:\\Users\\cntt7\\OneDrive\\Documents\\Desktop\\final\\node_modules\\router\\lib\\route.js:117:3)\n    at handle (C:\\Users\\cntt7\\OneDrive\\Documents\\Desktop\\final\\node_modules\\router\\index.js:435:11)\n    at Layer.handleRequest (C:\\Users\\cntt7\\OneDrive\\Documents\\Desktop\\final\\node_modules\\router\\lib\\layer.js:152:17)\n    at C:\\Users\\cntt7\\OneDrive\\Documents\\Desktop\\final\\node_modules\\router\\index.js:295:15","status":500,"timestamp":"2025-12-09T05:19:12.745Z"}
{"level":"error","message":"Error error is not defined","stack":"ReferenceError: error is not defined\n    at exports.register (C:\\Users\\cntt7\\OneDrive\\Documents\\Desktop\\final\\src\\controllers\\auth.js:13:5)\n    at Layer.handleRequest (C:\\Users\\cntt7\\OneDrive\\Documents\\Desktop\\final\\node_modules\\router\\lib\\layer.js:152:17)\n    at next (C:\\Users\\cntt7\\OneDrive\\Documents\\Desktop\\final\\node_modules\\router\\lib\\route.js:157:13)\n    at C:\\Users\\cntt7\\OneDrive\\Documents\\Desktop\\final\\src\\middlewares\\validate.js:16:5\n    at Layer.handleRequest (C:\\Users\\cntt7\\OneDrive\\Documents\\Desktop\\final\\node_modules\\router\\lib\\layer.js:152:17)\n    at next (C:\\Users\\cntt7\\OneDrive\\Documents\\Desktop\\final\\node_modules\\router\\lib\\route.js:157:13)\n    at Route.dispatch (C:\\Users\\cntt7\\OneDrive\\Documents\\Desktop\\final\\node_modules\\router\\lib\\route.js:117:3)\n    at handle (C:\\Users\\cntt7\\OneDrive\\Documents\\Desktop\\final\\node_modules\\router\\index.js:435:11)\n    at Layer.handleRequest (C:\\Users\\cntt7\\OneDrive\\Documents\\Desktop\\final\\node_modules\\router\\lib\\layer.js:152:17)\n    at C:\\Users\\cntt7\\OneDrive\\Documents\\Desktop\\final\\node_modules\\router\\index.js:295:15","status":500,"timestamp":"2025-12-09T05:19:14.150Z"}
{"level":"error","message":"Error error is not defined","stack":"ReferenceError: error is not defined\n    at exports.register (C:\\Users\\cntt7\\OneDrive\\Documents\\Desktop\\final\\src\\controllers\\auth.js:13:5)\n    at Layer.handleRequest (C:\\Users\\cntt7\\OneDrive\\Documents\\Desktop\\final\\node_modules\\router\\lib\\layer.js:152:17)\n    at next (C:\\Users\\cntt7\\OneDrive\\Documents\\Desktop\\final\\node_modules\\router\\lib\\route.js:157:13)\n    at C:\\Users\\cntt7\\OneDrive\\Documents\\Desktop\\final\\src\\middlewares\\validate.js:16:5\n    at Layer.handleRequest (C:\\Users\\cntt7\\OneDrive\\Documents\\Desktop\\final\\node_modules\\router\\lib\\layer.js:152:17)\n    at next (C:\\Users\\cntt7\\OneDrive\\Documents\\Desktop\\final\\node_modules\\router\\lib\\route.js:157:13)\n    at Route.dispatch (C:\\Users\\cntt7\\OneDrive\\Documents\\Desktop\\final\\node_modules\\router\\lib\\route.js:117:3)\n    at handle (C:\\Users\\cntt7\\OneDrive\\Documents\\Desktop\\final\\node_modules\\router\\index.js:435:11)\n    at Layer.handleRequest (C:\\Users\\cntt7\\OneDrive\\Documents\\Desktop\\final\\node_modules\\router\\lib\\layer.js:152:17)\n    at C:\\Users\\cntt7\\OneDrive\\Documents\\Desktop\\final\\node_modules\\router\\index.js:295:15","status":500,"timestamp":"2025-12-09T05:19:18.958Z"}
{"level":"error","message":"Error error is not defined","stack":"ReferenceError: error is not defined\n    at exports.register (C:\\Users\\cntt7\\OneDrive\\Documents\\Desktop\\final\\src\\controllers\\auth.js:13:5)\n    at Layer.handleRequest (C:\\Users\\cntt7\\OneDrive\\Documents\\Desktop\\final\\node_modules\\router\\lib\\layer.js:152:17)\n    at next (C:\\Users\\cntt7\\OneDrive\\Documents\\Desktop\\final\\node_modules\\router\\lib\\route.js:157:13)\n    at C:\\Users\\cntt7\\OneDrive\\Documents\\Desktop\\final\\src\\middlewares\\validate.js:16:5\n    at Layer.handleRequest (C:\\Users\\cntt7\\OneDrive\\Documents\\Desktop\\final\\node_modules\\router\\lib\\layer.js:152:17)\n    at next (C:\\Users\\cntt7\\OneDrive\\Documents\\Desktop\\final\\node_modules\\router\\lib\\route.js:157:13)\n    at Route.dispatch (C:\\Users\\cntt7\\OneDrive\\Documents\\Desktop\\final\\node_modules\\router\\lib\\route.js:117:3)\n    at handle (C:\\Users\\cntt7\\OneDrive\\Documents\\Desktop\\final\\node_modules\\router\\index.js:435:11)\n    at Layer.handleRequest (C:\\Users\\cntt7\\OneDrive\\Documents\\Desktop\\final\\node_modules\\router\\lib\\layer.js:152:17)\n    at C:\\Users\\cntt7\\OneDrive\\Documents\\Desktop\\final\\node_modules\\router\\index.js:295:15","status":500,"timestamp":"2025-12-09T05:20:04.241Z"}
{"level":"error","message":"Error value is not defined","stack":"ReferenceError: value is not defined\n    at exports.register (C:\\Users\\cntt7\\OneDrive\\Documents\\Desktop\\final\\src\\controllers\\auth.js:15:45)\n    at Layer.handleRequest (C:\\Users\\cntt7\\OneDrive\\Documents\\Desktop\\final\\node_modules\\router\\lib\\layer.js:152:17)\n    at next (C:\\Users\\cntt7\\OneDrive\\Documents\\Desktop\\final\\node_modules\\router\\lib\\route.js:157:13)\n    at C:\\Users\\cntt7\\OneDrive\\Documents\\Desktop\\final\\src\\middlewares\\validate.js:16:5\n    at Layer.handleRequest (C:\\Users\\cntt7\\OneDrive\\Documents\\Desktop\\final\\node_modules\\router\\lib\\layer.js:152:17)\n    at next (C:\\Users\\cntt7\\OneDrive\\Documents\\Desktop\\final\\node_modules\\router\\lib\\route.js:157:13)\n    at Route.dispatch (C:\\Users\\cntt7\\OneDrive\\Documents\\Desktop\\final\\node_modules\\router\\lib\\route.js:117:3)\n    at handle (C:\\Users\\cntt7\\OneDrive\\Documents\\Desktop\\final\\node_modules\\router\\index.js:435:11)\n    at Layer.handleRequest (C:\\Users\\cntt7\\OneDrive\\Documents\\Desktop\\final\\node_modules\\router\\lib\\layer.js:152:17)\n    at C:\\Users\\cntt7\\OneDrive\\Documents\\Desktop\\final\\node_modules\\router\\index.js:295:15","status":500,"timestamp":"2025-12-09T05:22:11.609Z"}
{"level":"error","message":"Error authService.register is not a function","stack":"TypeError: authService.register is not a function\n    at exports.register (C:\\Users\\cntt7\\OneDrive\\Documents\\Desktop\\final\\src\\controllers\\auth.js:15:36)\n    at Layer.handleRequest (C:\\Users\\cntt7\\OneDrive\\Documents\\Desktop\\final\\node_modules\\router\\lib\\layer.js:152:17)\n    at next (C:\\Users\\cntt7\\OneDrive\\Documents\\Desktop\\final\\node_modules\\router\\lib\\route.js:157:13)\n    at C:\\Users\\cntt7\\OneDrive\\Documents\\Desktop\\final\\src\\middlewares\\validate.js:16:5\n    at Layer.handleRequest (C:\\Users\\cntt7\\OneDrive\\Documents\\Desktop\\final\\node_modules\\router\\lib\\layer.js:152:17)\n    at next (C:\\Users\\cntt7\\OneDrive\\Documents\\Desktop\\final\\node_modules\\router\\lib\\route.js:157:13)\n    at Route.dispatch (C:\\Users\\cntt7\\OneDrive\\Documents\\Desktop\\final\\node_modules\\router\\lib\\route.js:117:3)\n    at handle (C:\\Users\\cntt7\\OneDrive\\Documents\\Desktop\\final\\node_modules\\router\\index.js:435:11)\n    at Layer.handleRequest (C:\\Users\\cntt7\\OneDrive\\Documents\\Desktop\\final\\node_modules\\router\\lib\\layer.js:152:17)\n    at C:\\Users\\cntt7\\OneDrive\\Documents\\Desktop\\final\\node_modules\\router\\index.js:295:15","status":500,"timestamp":"2025-12-09T05:22:46.254Z"}
{"level":"error","message":"Error authService.register is not a function","stack":"TypeError: authService.register is not a function\n    at exports.register (C:\\Users\\cntt7\\OneDrive\\Documents\\Desktop\\final\\src\\controllers\\auth.js:7:36)\n    at Layer.handleRequest (C:\\Users\\cntt7\\OneDrive\\Documents\\Desktop\\final\\node_modules\\router\\lib\\layer.js:152:17)\n    at next (C:\\Users\\cntt7\\OneDrive\\Documents\\Desktop\\final\\node_modules\\router\\lib\\route.js:157:13)\n    at C:\\Users\\cntt7\\OneDrive\\Documents\\Desktop\\final\\src\\middlewares\\validate.js:16:5\n    at Layer.handleRequest (C:\\Users\\cntt7\\OneDrive\\Documents\\Desktop\\final\\node_modules\\router\\lib\\layer.js:152:17)\n    at next (C:\\Users\\cntt7\\OneDrive\\Documents\\Desktop\\final\\node_modules\\router\\lib\\route.js:157:13)\n    at Route.dispatch (C:\\Users\\cntt7\\OneDrive\\Documents\\Desktop\\final\\node_modules\\router\\lib\\route.js:117:3)\n    at handle (C:\\Users\\cntt7\\OneDrive\\Documents\\Desktop\\final\\node_modules\\router\\index.js:435:11)\n    at Layer.handleRequest (C:\\Users\\cntt7\\OneDrive\\Documents\\Desktop\\final\\node_modules\\router\\lib\\layer.js:152:17)\n    at C:\\Users\\cntt7\\OneDrive\\Documents\\Desktop\\final\\node_modules\\router\\index.js:295:15","status":500,"timestamp":"2025-12-09T05:24:42.449Z"}
{"level":"error","message":"Error User validation failed: password_hash: Path `password_hash` is required.","stack":"ValidationError: User validation failed: password_hash: Path `password_hash` is required.\n    at Document.invalidate (C:\\Users\\cntt7\\OneDrive\\Documents\\Desktop\\final\\node_modules\\mongoose\\lib\\document.js:3370:32)\n    at validatePath (C:\\Users\\cntt7\\OneDrive\\Documents\\Desktop\\final\\node_modules\\mongoose\\lib\\document.js:3145:13)\n    at async Promise.all (index 0)\n    at async model.$__validate (C:\\Users\\cntt7\\OneDrive\\Documents\\Desktop\\final\\node_modules\\mongoose\\lib\\document.js:3086:3)\n    at async model.validate (C:\\Users\\cntt7\\OneDrive\\Documents\\Desktop\\final\\node_modules\\mongoose\\lib\\document.js:2663:5)\n    at async model.validateBeforeSave (C:\\Users\\cntt7\\OneDrive\\Documents\\Desktop\\final\\node_modules\\mongoose\\lib\\plugins\\validateBeforeSave.js:34:7)\n    at async Kareem.execPre (C:\\Users\\cntt7\\OneDrive\\Documents\\Desktop\\final\\node_modules\\kareem\\index.js:65:24)\n    at async model.$__save (C:\\Users\\cntt7\\OneDrive\\Documents\\Desktop\\final\\node_modules\\mongoose\\lib\\model.js:369:5)\n    at async model.save (C:\\Users\\cntt7\\OneDrive\\Documents\\Desktop\\final\\node_modules\\mongoose\\lib\\model.js:609:5)\n    at async C:\\Users\\cntt7\\OneDrive\\Documents\\Desktop\\final\\node_modules\\mongoose\\lib\\model.js:2722:9","status":500,"timestamp":"2025-12-09T05:26:50.138Z"}
{"level":"error","message":"Error User validation failed: password_hash: Path `password_hash` is required.","stack":"ValidationError: User validation failed: password_hash: Path `password_hash` is required.\n    at Document.invalidate (C:\\Users\\cntt7\\OneDrive\\Documents\\Desktop\\final\\node_modules\\mongoose\\lib\\document.js:3370:32)\n    at validatePath (C:\\Users\\cntt7\\OneDrive\\Documents\\Desktop\\final\\node_modules\\mongoose\\lib\\document.js:3145:13)\n    at async Promise.all (index 0)\n    at async model.$__validate (C:\\Users\\cntt7\\OneDrive\\Documents\\Desktop\\final\\node_modules\\mongoose\\lib\\document.js:3086:3)\n    at async model.validate (C:\\Users\\cntt7\\OneDrive\\Documents\\Desktop\\final\\node_modules\\mongoose\\lib\\document.js:2663:5)\n    at async model.validateBeforeSave (C:\\Users\\cntt7\\OneDrive\\Documents\\Desktop\\final\\node_modules\\mongoose\\lib\\plugins\\validateBeforeSave.js:34:7)\n    at async Kareem.execPre (C:\\Users\\cntt7\\OneDrive\\Documents\\Desktop\\final\\node_modules\\kareem\\index.js:65:24)\n    at async model.$__save (C:\\Users\\cntt7\\OneDrive\\Documents\\Desktop\\final\\node_modules\\mongoose\\lib\\model.js:369:5)\n    at async model.save (C:\\Users\\cntt7\\OneDrive\\Documents\\Desktop\\final\\node_modules\\mongoose\\lib\\model.js:609:5)\n    at async C:\\Users\\cntt7\\OneDrive\\Documents\\Desktop\\final\\node_modules\\mongoose\\lib\\model.js:2722:9","status":500,"timestamp":"2025-12-09T05:29:58.498Z"}
{"level":"error","message":"Error User validation failed: password_hash: Path `password_hash` is required.","stack":"ValidationError: User validation failed: password_hash: Path `password_hash` is required.\n    at Document.invalidate (C:\\Users\\cntt7\\OneDrive\\Documents\\Desktop\\final\\node_modules\\mongoose\\lib\\document.js:3370:32)\n    at validatePath (C:\\Users\\cntt7\\OneDrive\\Documents\\Desktop\\final\\node_modules\\mongoose\\lib\\document.js:3145:13)\n    at async Promise.all (index 0)\n    at async model.$__validate (C:\\Users\\cntt7\\OneDrive\\Documents\\Desktop\\final\\node_modules\\mongoose\\lib\\document.js:3086:3)\n    at async model.validate (C:\\Users\\cntt7\\OneDrive\\Documents\\Desktop\\final\\node_modules\\mongoose\\lib\\document.js:2663:5)\n    at async model.validateBeforeSave (C:\\Users\\cntt7\\OneDrive\\Documents\\Desktop\\final\\node_modules\\mongoose\\lib\\plugins\\validateBeforeSave.js:34:7)\n    at async Kareem.execPre (C:\\Users\\cntt7\\OneDrive\\Documents\\Desktop\\final\\node_modules\\kareem\\index.js:65:24)\n    at async model.$__save (C:\\Users\\cntt7\\OneDrive\\Documents\\Desktop\\final\\node_modules\\mongoose\\lib\\model.js:369:5)\n    at async model.save (C:\\Users\\cntt7\\OneDrive\\Documents\\Desktop\\final\\node_modules\\mongoose\\lib\\model.js:609:5)\n    at async C:\\Users\\cntt7\\OneDrive\\Documents\\Desktop\\final\\node_modules\\mongoose\\lib\\model.js:2722:9","status":500,"timestamp":"2025-12-09T05:30:02.123Z"}
{"level":"error","message":"Error data and hash arguments required","stack":"Error: data and hash arguments required\n    at Object.compare (C:\\Users\\cntt7\\OneDrive\\Documents\\Desktop\\final\\node_modules\\bcrypt\\bcrypt.js:204:17)\n    at C:\\Users\\cntt7\\OneDrive\\Documents\\Desktop\\final\\node_modules\\bcrypt\\promises.js:26:12\n    at new Promise (<anonymous>)\n    at Object.promise (C:\\Users\\cntt7\\OneDrive\\Documents\\Desktop\\final\\node_modules\\bcrypt\\promises.js:17:12)\n    at Object.compare (C:\\Users\\cntt7\\OneDrive\\Documents\\Desktop\\final\\node_modules\\bcrypt\\bcrypt.js:200:25)\n    at exports.login (C:\\Users\\cntt7\\OneDrive\\Documents\\Desktop\\final\\src\\services\\auth.js:22:30)\n    at process.processTicksAndRejections (node:internal/process/task_queues:103:5)\n    at async exports.login (C:\\Users\\cntt7\\OneDrive\\Documents\\Desktop\\final\\src\\controllers\\auth.js:17:20)","status":500,"timestamp":"2025-12-09T08:16:49.869Z"}
{"level":"error","message":"Error data and hash arguments required","stack":"Error: data and hash arguments required\n    at Object.compare (C:\\Users\\cntt7\\OneDrive\\Documents\\Desktop\\final\\node_modules\\bcrypt\\bcrypt.js:204:17)\n    at C:\\Users\\cntt7\\OneDrive\\Documents\\Desktop\\final\\node_modules\\bcrypt\\promises.js:26:12\n    at new Promise (<anonymous>)\n    at Object.promise (C:\\Users\\cntt7\\OneDrive\\Documents\\Desktop\\final\\node_modules\\bcrypt\\promises.js:17:12)\n    at Object.compare (C:\\Users\\cntt7\\OneDrive\\Documents\\Desktop\\final\\node_modules\\bcrypt\\bcrypt.js:200:25)\n    at exports.login (C:\\Users\\cntt7\\OneDrive\\Documents\\Desktop\\final\\src\\services\\auth.js:22:30)\n    at process.processTicksAndRejections (node:internal/process/task_queues:103:5)\n    at async exports.login (C:\\Users\\cntt7\\OneDrive\\Documents\\Desktop\\final\\src\\controllers\\auth.js:17:20)","status":500,"timestamp":"2025-12-09T08:16:52.053Z"}
{"level":"error","message":"Error data and hash arguments required","stack":"Error: data and hash arguments required\n    at Object.compare (C:\\Users\\cntt7\\OneDrive\\Documents\\Desktop\\final\\node_modules\\bcrypt\\bcrypt.js:204:17)\n    at C:\\Users\\cntt7\\OneDrive\\Documents\\Desktop\\final\\node_modules\\bcrypt\\promises.js:26:12\n    at new Promise (<anonymous>)\n    at Object.promise (C:\\Users\\cntt7\\OneDrive\\Documents\\Desktop\\final\\node_modules\\bcrypt\\promises.js:17:12)\n    at Object.compare (C:\\Users\\cntt7\\OneDrive\\Documents\\Desktop\\final\\node_modules\\bcrypt\\bcrypt.js:200:25)\n    at exports.login (C:\\Users\\cntt7\\OneDrive\\Documents\\Desktop\\final\\src\\services\\auth.js:22:30)\n    at process.processTicksAndRejections (node:internal/process/task_queues:103:5)\n    at async exports.login (C:\\Users\\cntt7\\OneDrive\\Documents\\Desktop\\final\\src\\controllers\\auth.js:17:20)","status":500,"timestamp":"2025-12-09T08:17:04.967Z"}
{"level":"error","message":"Error data and hash arguments required","stack":"Error: data and hash arguments required\n    at Object.compare (C:\\Users\\cntt7\\OneDrive\\Documents\\Desktop\\final\\node_modules\\bcrypt\\bcrypt.js:204:17)\n    at C:\\Users\\cntt7\\OneDrive\\Documents\\Desktop\\final\\node_modules\\bcrypt\\promises.js:26:12\n    at new Promise (<anonymous>)\n    at Object.promise (C:\\Users\\cntt7\\OneDrive\\Documents\\Desktop\\final\\node_modules\\bcrypt\\promises.js:17:12)\n    at Object.compare (C:\\Users\\cntt7\\OneDrive\\Documents\\Desktop\\final\\node_modules\\bcrypt\\bcrypt.js:200:25)\n    at exports.login (C:\\Users\\cntt7\\OneDrive\\Documents\\Desktop\\final\\src\\services\\auth.js:22:30)\n    at process.processTicksAndRejections (node:internal/process/task_queues:103:5)\n    at async exports.login (C:\\Users\\cntt7\\OneDrive\\Documents\\Desktop\\final\\src\\controllers\\auth.js:17:20)","status":500,"timestamp":"2025-12-09T08:17:06.148Z"}
{"level":"error","message":"Error data and hash arguments required","stack":"Error: data and hash arguments required\n    at Object.compare (C:\\Users\\cntt7\\OneDrive\\Documents\\Desktop\\final\\node_modules\\bcrypt\\bcrypt.js:204:17)\n    at C:\\Users\\cntt7\\OneDrive\\Documents\\Desktop\\final\\node_modules\\bcrypt\\promises.js:26:12\n    at new Promise (<anonymous>)\n    at Object.promise (C:\\Users\\cntt7\\OneDrive\\Documents\\Desktop\\final\\node_modules\\bcrypt\\promises.js:17:12)\n    at Object.compare (C:\\Users\\cntt7\\OneDrive\\Documents\\Desktop\\final\\node_modules\\bcrypt\\bcrypt.js:200:25)\n    at exports.login (C:\\Users\\cntt7\\OneDrive\\Documents\\Desktop\\final\\src\\services\\auth.js:22:30)\n    at process.processTicksAndRejections (node:internal/process/task_queues:103:5)\n    at async exports.login (C:\\Users\\cntt7\\OneDrive\\Documents\\Desktop\\final\\src\\controllers\\auth.js:17:20)","status":500,"timestamp":"2025-12-09T10:35:52.876Z"}
{"level":"error","message":"Error data and hash arguments required","stack":"Error: data and hash arguments required\n    at Object.compare (C:\\Users\\cntt7\\OneDrive\\Documents\\Desktop\\final\\node_modules\\bcrypt\\bcrypt.js:204:17)\n    at C:\\Users\\cntt7\\OneDrive\\Documents\\Desktop\\final\\node_modules\\bcrypt\\promises.js:26:12\n    at new Promise (<anonymous>)\n    at Object.promise (C:\\Users\\cntt7\\OneDrive\\Documents\\Desktop\\final\\node_modules\\bcrypt\\promises.js:17:12)\n    at Object.compare (C:\\Users\\cntt7\\OneDrive\\Documents\\Desktop\\final\\node_modules\\bcrypt\\bcrypt.js:200:25)\n    at exports.login (C:\\Users\\cntt7\\OneDrive\\Documents\\Desktop\\final\\src\\services\\auth.js:22:30)\n    at process.processTicksAndRejections (node:internal/process/task_queues:103:5)\n    at async exports.login (C:\\Users\\cntt7\\OneDrive\\Documents\\Desktop\\final\\src\\controllers\\auth.js:17:20)","status":500,"timestamp":"2025-12-09T10:35:54.256Z"}
{"level":"error","message":"Error data and hash arguments required","stack":"Error: data and hash arguments required\n    at Object.compare (C:\\Users\\cntt7\\OneDrive\\Documents\\Desktop\\final\\node_modules\\bcrypt\\bcrypt.js:204:17)\n    at C:\\Users\\cntt7\\OneDrive\\Documents\\Desktop\\final\\node_modules\\bcrypt\\promises.js:26:12\n    at new Promise (<anonymous>)\n    at Object.promise (C:\\Users\\cntt7\\OneDrive\\Documents\\Desktop\\final\\node_modules\\bcrypt\\promises.js:17:12)\n    at Object.compare (C:\\Users\\cntt7\\OneDrive\\Documents\\Desktop\\final\\node_modules\\bcrypt\\bcrypt.js:200:25)\n    at exports.login (C:\\Users\\cntt7\\OneDrive\\Documents\\Desktop\\final\\src\\services\\auth.js:22:30)\n    at process.processTicksAndRejections (node:internal/process/task_queues:103:5)\n    at async exports.login (C:\\Users\\cntt7\\OneDrive\\Documents\\Desktop\\final\\src\\controllers\\auth.js:17:20)","status":500,"timestamp":"2025-12-09T10:36:21.771Z"}
{"level":"error","message":"Error data and hash arguments required","stack":"Error: data and hash arguments required\n    at Object.compare (C:\\Users\\cntt7\\OneDrive\\Documents\\Desktop\\final\\node_modules\\bcrypt\\bcrypt.js:204:17)\n    at C:\\Users\\cntt7\\OneDrive\\Documents\\Desktop\\final\\node_modules\\bcrypt\\promises.js:26:12\n    at new Promise (<anonymous>)\n    at Object.promise (C:\\Users\\cntt7\\OneDrive\\Documents\\Desktop\\final\\node_modules\\bcrypt\\promises.js:17:12)\n    at Object.compare (C:\\Users\\cntt7\\OneDrive\\Documents\\Desktop\\final\\node_modules\\bcrypt\\bcrypt.js:200:25)\n    at exports.login (C:\\Users\\cntt7\\OneDrive\\Documents\\Desktop\\final\\src\\services\\auth.js:22:30)\n    at process.processTicksAndRejections (node:internal/process/task_queues:103:5)\n    at async exports.login (C:\\Users\\cntt7\\OneDrive\\Documents\\Desktop\\final\\src\\controllers\\auth.js:17:20)","status":500,"timestamp":"2025-12-09T10:36:25.799Z"}
{"level":"error","message":"Error data and hash arguments required","stack":"Error: data and hash arguments required\n    at Object.compare (C:\\Users\\cntt7\\OneDrive\\Documents\\Desktop\\final\\node_modules\\bcrypt\\bcrypt.js:204:17)\n    at C:\\Users\\cntt7\\OneDrive\\Documents\\Desktop\\final\\node_modules\\bcrypt\\promises.js:26:12\n    at new Promise (<anonymous>)\n    at Object.promise (C:\\Users\\cntt7\\OneDrive\\Documents\\Desktop\\final\\node_modules\\bcrypt\\promises.js:17:12)\n    at Object.compare (C:\\Users\\cntt7\\OneDrive\\Documents\\Desktop\\final\\node_modules\\bcrypt\\bcrypt.js:200:25)\n    at exports.login (C:\\Users\\cntt7\\OneDrive\\Documents\\Desktop\\final\\src\\services\\auth.js:22:30)\n    at process.processTicksAndRejections (node:internal/process/task_queues:103:5)\n    at async exports.login (C:\\Users\\cntt7\\OneDrive\\Documents\\Desktop\\final\\src\\controllers\\auth.js:17:20)","status":500,"timestamp":"2025-12-09T10:36:27.113Z"}
{"level":"error","message":"Error data and hash arguments required","stack":"Error: data and hash arguments required\n    at Object.compare (C:\\Users\\cntt7\\OneDrive\\Documents\\Desktop\\final\\node_modules\\bcrypt\\bcrypt.js:204:17)\n    at C:\\Users\\cntt7\\OneDrive\\Documents\\Desktop\\final\\node_modules\\bcrypt\\promises.js:26:12\n    at new Promise (<anonymous>)\n    at Object.promise (C:\\Users\\cntt7\\OneDrive\\Documents\\Desktop\\final\\node_modules\\bcrypt\\promises.js:17:12)\n    at Object.compare (C:\\Users\\cntt7\\OneDrive\\Documents\\Desktop\\final\\node_modules\\bcrypt\\bcrypt.js:200:25)\n    at exports.login (C:\\Users\\cntt7\\OneDrive\\Documents\\Desktop\\final\\src\\services\\auth.js:22:30)\n    at process.processTicksAndRejections (node:internal/process/task_queues:103:5)\n    at async exports.login (C:\\Users\\cntt7\\OneDrive\\Documents\\Desktop\\final\\src\\controllers\\auth.js:17:20)","status":500,"timestamp":"2025-12-09T10:36:28.365Z"}
{"level":"error","message":"Error data and hash arguments required","stack":"Error: data and hash arguments required\n    at Object.compare (C:\\Users\\cntt7\\OneDrive\\Documents\\Desktop\\final\\node_modules\\bcrypt\\bcrypt.js:204:17)\n    at C:\\Users\\cntt7\\OneDrive\\Documents\\Desktop\\final\\node_modules\\bcrypt\\promises.js:26:12\n    at new Promise (<anonymous>)\n    at Object.promise (C:\\Users\\cntt7\\OneDrive\\Documents\\Desktop\\final\\node_modules\\bcrypt\\promises.js:17:12)\n    at Object.compare (C:\\Users\\cntt7\\OneDrive\\Documents\\Desktop\\final\\node_modules\\bcrypt\\bcrypt.js:200:25)\n    at exports.login (C:\\Users\\cntt7\\OneDrive\\Documents\\Desktop\\final\\src\\services\\auth.js:22:30)\n    at process.processTicksAndRejections (node:internal/process/task_queues:103:5)\n    at async exports.login (C:\\Users\\cntt7\\OneDrive\\Documents\\Desktop\\final\\src\\controllers\\auth.js:17:20)","status":500,"timestamp":"2025-12-09T10:36:29.899Z"}
{"level":"error","message":"Error data and hash arguments required","stack":"Error: data and hash arguments required\n    at Object.compare (C:\\Users\\cntt7\\OneDrive\\Documents\\Desktop\\final\\node_modules\\bcrypt\\bcrypt.js:204:17)\n    at C:\\Users\\cntt7\\OneDrive\\Documents\\Desktop\\final\\node_modules\\bcrypt\\promises.js:26:12\n    at new Promise (<anonymous>)\n    at Object.promise (C:\\Users\\cntt7\\OneDrive\\Documents\\Desktop\\final\\node_modules\\bcrypt\\promises.js:17:12)\n    at Object.compare (C:\\Users\\cntt7\\OneDrive\\Documents\\Desktop\\final\\node_modules\\bcrypt\\bcrypt.js:200:25)\n    at exports.login (C:\\Users\\cntt7\\OneDrive\\Documents\\Desktop\\final\\src\\services\\auth.js:22:30)\n    at process.processTicksAndRejections (node:internal/process/task_queues:103:5)\n    at async exports.login (C:\\Users\\cntt7\\OneDrive\\Documents\\Desktop\\final\\src\\controllers\\auth.js:17:20)","status":500,"timestamp":"2025-12-09T10:36:39.457Z"}
{"level":"error","message":"Error data and hash arguments required","stack":"Error: data and hash arguments required\n    at Object.compare (C:\\Users\\cntt7\\OneDrive\\Documents\\Desktop\\final\\node_modules\\bcrypt\\bcrypt.js:204:17)\n    at C:\\Users\\cntt7\\OneDrive\\Documents\\Desktop\\final\\node_modules\\bcrypt\\promises.js:26:12\n    at new Promise (<anonymous>)\n    at Object.promise (C:\\Users\\cntt7\\OneDrive\\Documents\\Desktop\\final\\node_modules\\bcrypt\\promises.js:17:12)\n    at Object.compare (C:\\Users\\cntt7\\OneDrive\\Documents\\Desktop\\final\\node_modules\\bcrypt\\bcrypt.js:200:25)\n    at exports.login (C:\\Users\\cntt7\\OneDrive\\Documents\\Desktop\\final\\src\\services\\auth.js:22:30)\n    at process.processTicksAndRejections (node:internal/process/task_queues:103:5)\n    at async exports.login (C:\\Users\\cntt7\\OneDrive\\Documents\\Desktop\\final\\src\\controllers\\auth.js:17:20)","status":500,"timestamp":"2025-12-09T10:36:41.159Z"}
{"level":"error","message":"Error data and hash arguments required","stack":"Error: data and hash arguments required\n    at Object.compare (C:\\Users\\cntt7\\OneDrive\\Documents\\Desktop\\final\\node_modules\\bcrypt\\bcrypt.js:204:17)\n    at C:\\Users\\cntt7\\OneDrive\\Documents\\Desktop\\final\\node_modules\\bcrypt\\promises.js:26:12\n    at new Promise (<anonymous>)\n    at Object.promise (C:\\Users\\cntt7\\OneDrive\\Documents\\Desktop\\final\\node_modules\\bcrypt\\promises.js:17:12)\n    at Object.compare (C:\\Users\\cntt7\\OneDrive\\Documents\\Desktop\\final\\node_modules\\bcrypt\\bcrypt.js:200:25)\n    at exports.login (C:\\Users\\cntt7\\OneDrive\\Documents\\Desktop\\final\\src\\services\\auth.js:22:30)\n    at process.processTicksAndRejections (node:internal/process/task_queues:103:5)\n    at async exports.login (C:\\Users\\cntt7\\OneDrive\\Documents\\Desktop\\final\\src\\controllers\\auth.js:17:20)","status":500,"timestamp":"2025-12-09T10:36:42.257Z"}
{"level":"error","message":"Error data and hash arguments required","stack":"Error: data and hash arguments required\n    at Object.compare (C:\\Users\\cntt7\\OneDrive\\Documents\\Desktop\\final\\node_modules\\bcrypt\\bcrypt.js:204:17)\n    at C:\\Users\\cntt7\\OneDrive\\Documents\\Desktop\\final\\node_modules\\bcrypt\\promises.js:26:12\n    at new Promise (<anonymous>)\n    at Object.promise (C:\\Users\\cntt7\\OneDrive\\Documents\\Desktop\\final\\node_modules\\bcrypt\\promises.js:17:12)\n    at Object.compare (C:\\Users\\cntt7\\OneDrive\\Documents\\Desktop\\final\\node_modules\\bcrypt\\bcrypt.js:200:25)\n    at exports.login (C:\\Users\\cntt7\\OneDrive\\Documents\\Desktop\\final\\src\\services\\auth.js:22:30)\n    at process.processTicksAndRejections (node:internal/process/task_queues:103:5)\n    at async exports.login (C:\\Users\\cntt7\\OneDrive\\Documents\\Desktop\\final\\src\\controllers\\auth.js:17:20)","status":500,"timestamp":"2025-12-09T10:36:43.962Z"}
{"level":"error","message":"Error data and hash arguments required","stack":"Error: data and hash arguments required\n    at Object.compare (C:\\Users\\cntt7\\OneDrive\\Documents\\Desktop\\final\\node_modules\\bcrypt\\bcrypt.js:204:17)\n    at C:\\Users\\cntt7\\OneDrive\\Documents\\Desktop\\final\\node_modules\\bcrypt\\promises.js:26:12\n    at new Promise (<anonymous>)\n    at Object.promise (C:\\Users\\cntt7\\OneDrive\\Documents\\Desktop\\final\\node_modules\\bcrypt\\promises.js:17:12)\n    at Object.compare (C:\\Users\\cntt7\\OneDrive\\Documents\\Desktop\\final\\node_modules\\bcrypt\\bcrypt.js:200:25)\n    at exports.login (C:\\Users\\cntt7\\OneDrive\\Documents\\Desktop\\final\\src\\services\\auth.js:22:30)\n    at process.processTicksAndRejections (node:internal/process/task_queues:103:5)\n    at async exports.login (C:\\Users\\cntt7\\OneDrive\\Documents\\Desktop\\final\\src\\controllers\\auth.js:17:20)","status":500,"timestamp":"2025-12-09T10:36:45.406Z"}
{"level":"error","message":"Error data and hash arguments required","stack":"Error: data and hash arguments required\n    at Object.compare (C:\\Users\\cntt7\\OneDrive\\Documents\\Desktop\\final\\node_modules\\bcrypt\\bcrypt.js:204:17)\n    at C:\\Users\\cntt7\\OneDrive\\Documents\\Desktop\\final\\node_modules\\bcrypt\\promises.js:26:12\n    at new Promise (<anonymous>)\n    at Object.promise (C:\\Users\\cntt7\\OneDrive\\Documents\\Desktop\\final\\node_modules\\bcrypt\\promises.js:17:12)\n    at Object.compare (C:\\Users\\cntt7\\OneDrive\\Documents\\Desktop\\final\\node_modules\\bcrypt\\bcrypt.js:200:25)\n    at exports.login (C:\\Users\\cntt7\\OneDrive\\Documents\\Desktop\\final\\src\\services\\auth.js:22:30)\n    at process.processTicksAndRejections (node:internal/process/task_queues:103:5)\n    at async exports.login (C:\\Users\\cntt7\\OneDrive\\Documents\\Desktop\\final\\src\\controllers\\auth.js:17:20)","status":500,"timestamp":"2025-12-09T10:42:29.337Z"}
{"level":"error","message":"Error data and hash arguments required","stack":"Error: data and hash arguments required\n    at Object.compare (C:\\Users\\cntt7\\OneDrive\\Documents\\Desktop\\final\\node_modules\\bcrypt\\bcrypt.js:204:17)\n    at C:\\Users\\cntt7\\OneDrive\\Documents\\Desktop\\final\\node_modules\\bcrypt\\promises.js:26:12\n    at new Promise (<anonymous>)\n    at Object.promise (C:\\Users\\cntt7\\OneDrive\\Documents\\Desktop\\final\\node_modules\\bcrypt\\promises.js:17:12)\n    at Object.compare (C:\\Users\\cntt7\\OneDrive\\Documents\\Desktop\\final\\node_modules\\bcrypt\\bcrypt.js:200:25)\n    at exports.login (C:\\Users\\cntt7\\OneDrive\\Documents\\Desktop\\final\\src\\services\\auth.js:22:30)\n    at process.processTicksAndRejections (node:internal/process/task_queues:103:5)\n    at async exports.login (C:\\Users\\cntt7\\OneDrive\\Documents\\Desktop\\final\\src\\controllers\\auth.js:17:20)","status":500,"timestamp":"2025-12-09T10:42:30.829Z"}
{"level":"error","message":"Error data and hash arguments required","stack":"Error: data and hash arguments required\n    at Object.compare (C:\\Users\\cntt7\\OneDrive\\Documents\\Desktop\\final\\node_modules\\bcrypt\\bcrypt.js:204:17)\n    at C:\\Users\\cntt7\\OneDrive\\Documents\\Desktop\\final\\node_modules\\bcrypt\\promises.js:26:12\n    at new Promise (<anonymous>)\n    at Object.promise (C:\\Users\\cntt7\\OneDrive\\Documents\\Desktop\\final\\node_modules\\bcrypt\\promises.js:17:12)\n    at Object.compare (C:\\Users\\cntt7\\OneDrive\\Documents\\Desktop\\final\\node_modules\\bcrypt\\bcrypt.js:200:25)\n    at exports.login (C:\\Users\\cntt7\\OneDrive\\Documents\\Desktop\\final\\src\\services\\auth.js:22:30)\n    at process.processTicksAndRejections (node:internal/process/task_queues:103:5)\n    at async exports.login (C:\\Users\\cntt7\\OneDrive\\Documents\\Desktop\\final\\src\\controllers\\auth.js:17:20)","status":500,"timestamp":"2025-12-09T10:43:18.011Z"}
{"level":"error","message":"Error data and hash arguments required","stack":"Error: data and hash arguments required\n    at Object.compare (C:\\Users\\cntt7\\OneDrive\\Documents\\Desktop\\final\\node_modules\\bcrypt\\bcrypt.js:204:17)\n    at C:\\Users\\cntt7\\OneDrive\\Documents\\Desktop\\final\\node_modules\\bcrypt\\promises.js:26:12\n    at new Promise (<anonymous>)\n    at Object.promise (C:\\Users\\cntt7\\OneDrive\\Documents\\Desktop\\final\\node_modules\\bcrypt\\promises.js:17:12)\n    at Object.compare (C:\\Users\\cntt7\\OneDrive\\Documents\\Desktop\\final\\node_modules\\bcrypt\\bcrypt.js:200:25)\n    at exports.login (C:\\Users\\cntt7\\OneDrive\\Documents\\Desktop\\final\\src\\services\\auth.js:22:30)\n    at process.processTicksAndRejections (node:internal/process/task_queues:103:5)\n    at async exports.login (C:\\Users\\cntt7\\OneDrive\\Documents\\Desktop\\final\\src\\controllers\\auth.js:17:20)","status":500,"timestamp":"2025-12-09T10:43:19.243Z"}
{"level":"error","message":"Error data and hash arguments required","stack":"Error: data and hash arguments required\n    at Object.compare (C:\\Users\\cntt7\\OneDrive\\Documents\\Desktop\\final\\node_modules\\bcrypt\\bcrypt.js:204:17)\n    at C:\\Users\\cntt7\\OneDrive\\Documents\\Desktop\\final\\node_modules\\bcrypt\\promises.js:26:12\n    at new Promise (<anonymous>)\n    at Object.promise (C:\\Users\\cntt7\\OneDrive\\Documents\\Desktop\\final\\node_modules\\bcrypt\\promises.js:17:12)\n    at Object.compare (C:\\Users\\cntt7\\OneDrive\\Documents\\Desktop\\final\\node_modules\\bcrypt\\bcrypt.js:200:25)\n    at exports.login (C:\\Users\\cntt7\\OneDrive\\Documents\\Desktop\\final\\src\\services\\auth.js:22:30)\n    at process.processTicksAndRejections (node:internal/process/task_queues:103:5)\n    at async exports.login (C:\\Users\\cntt7\\OneDrive\\Documents\\Desktop\\final\\src\\controllers\\auth.js:17:20)","status":500,"timestamp":"2025-12-09T10:43:20.606Z"}
